<?xml version="1.0" encoding="UTF-8"?>
<!-- Generated by org.testng.reporters.JUnitReportReporter -->
<testsuite hostname="GamingRig" failures="0" tests="1" name="cucumberOptions.TestNGTestRunner" time="0.093" errors="0" timestamp="2022-05-22T22:08:22 BST" skipped="0">
  <testcase classname="cucumberOptions.TestNGTestRunner" name="runScenario" time="0.093"/>
  <system-out/>
</testsuite> <!-- cucumberOptions.TestNGTestRunner -->
